\# Program start time:     UTC 2025.09.17 20:26:46.722
\# Local time: EDT (UTC-04:00) 2025.09.17 16:26:46.722
\o Program:		@(#)$CDS: Virtuoso Studio version IC25.1-64b 08/12/2025 20:24 (cpgbld31) $
\o Hierarchy:		/opt/cadence/ic251_hotfix/install/tools.lnx86/dfII/
\o Sub version:		sub-version  IC25.1-64b.ISR1.30  (64-bit addresses)
\# Command line:	/opt/cadence/ic251_hotfix/install/tools.lnx86/dfII/bin/64bit/virtuoso -noautostart -mpssession virtuoso1445552 -mpshost vlsicad.ecs.umass.edu -davinciService DaVinciService_1445552_1758140795 -log /home/ece558_658_2025/azguro/lab1/logs_azguro/logs0/Job0.log -licenseLockFileName /home/ece558_658_2025/azguro/lab1/.tmp_azguro/.vlsicad.ecs.umass.edu_1445552 -interactiveA -interactiveE -interactiveRTT -nostdin -nographE -axlChildIdFlag 0
\# Host name (type):	vlsicad.ecs.umass.edu (x86_64)
\# Operating system:	Red Hat Enterprise Linux 8.10 (Ootpa)
\# Kernel:	Linux 4.18.0-553.16.1.el8_10.x86_64 #1 SMP Thu Aug 1 04:16:12 EDT 2024
\# Linux /etc/issue:	\S
\# Linux /etc/issue:	Kernel \r on an \m
\# X display name (WxH):	:4007 (1024x868)
\# Available geometry:			TL(0:0) BR(1023:867)
\# X server:			The X.Org Foundation
\# Depth of Visual (Root):	24 (24)
\# Number of Planes Used:	24
\# X version:		11.0 (vendor release 12011000)
\# X resource pool:	base 0x400000, mask 0x1fffff (2097151), shift 0
\# 			current id 0x0, current max 0x1ffffa (2097146)
\# Max data seg size:	     unlimited
\# Max process size:	     unlimited
\# Initial sbrk value:	        793 MB
\# Available memory:	    178,755 MB
\# System memory:	    261,128 MB
\# Maximum memory size:	    260,525 MB
\# Max mem available:	    178,945 MB
\# Initial memory used:	        190 MB
\#        process size:	      1,802 MB
\# Thread usage limits (effective/default):	maxthreads 1027901/1027901 maxload 64.00/64.00
\# Qt version:		5.15.9
\# Window Manager:	other
\# User Name:		azguro
\o Working Directory:	vlsicad.ecs.umass.edu:/home/ece558_658_2025/azguro/lab1
\# Process Id:		1448917
\o 
\o COPYRIGHT (C) 1992-2025  CADENCE DESIGN SYSTEMS INC.  ALL RIGHTS RESERVED.
\o           (C) 1992-2025  UNIX SYSTEMS Laboratories INC.,
\o                          Reproduced with permission.
\o 
\o This Cadence Design Systems program and online documentation are
\o proprietary/confidential information and may be disclosed/used only
\o as authorized in a license agreement controlling such use and disclosure.
\o 
\o           RESTRICTED RIGHTS NOTICE (SHORT FORM)
\o Use/reproduction/disclosure is subject to restriction
\o set forth at FAR 1252.227-19 or its equivalent.
\o Loading geView.cxt 
\o Loading menuBuilder.cxt 
\o Loading im.cxt 
\o Loading schView.cxt 
\o Loading selectSv.cxt 
\o Loading pegasusui.cxt
\o Loading wireEdit.cxt 
\o Loading pte2.cxt 
\o Loading xlUI.cxt 
\o Loading auCore.cxt 
\o Loading vhdl.cxt 
\o Loading ci.cxt 
\o Loading layers.cxt 
\o Loading ams.cxt 
\o Loading oasis.cxt 
\o Loading dal.cxt 
\o Loading awv.cxt 
\o Loading socket.cxt 
\o Loading analog.cxt 
\o Loading par.cxt 
\# Memory report: using         314 MB, process size 1,997 MB at UTC 2025.09.17 20:29:06.083
\o Loading asimenv.cxt 
\o Loading alvs.cxt 
\o Loading caa.cxt 
\o Loading amps.cxt 
\o Loading photonics.cxt 
\o Loading adexlCore.cxt 
\o Loading adexl.cxt 
\o *Info*    Exporting services from client ... 
\o 
\o Loading adexlDM.cxt 
\o Loading cpf.cxt 
\o Loading cli.cxt 
\o Loading vem.cxt 
\o Loading lp.cxt 
\o Loading hmp.cxt 
\o Loading sipLayout.cxt 
\o Loading viva.cxt 
\o Loading diagCenter.cxt 
\o INFO (ELI-00333) License program mode is ICRP.
\# [16:28:49.510961] Configured Lic search path (25.01-s002): 5280@vlsicad.ecs.umass.edu
\o INFO (ELI-00302) Connecting to parent process (session=virtuoso1445552, host=vlsicad.ecs.umass.edu). Connection mode is ICRP. Total timeout is 180 seconds. Connection timeout is 90 seconds.
\o INFO (ELI-00303) Step 1: Connecting to parent. Time spent is 0 seconds.
\o INFO (ELI-00304) The registration of the child 1448917 within 90 seconds is being processed...
\o INFO (ELI-00305) The result of registration is true. Time spent is 0 seconds.
\o INFO (ELI-00308) The connection has ended. Result is true. Total time spent is 15 seconds.
\o *Info*    Client has finished starting ... 
\o 
\o Loading vdsil.cxt 
\p > 
\o Loading le.cxt 
\o Loading tilp.cxt 
\o Loading validator.cxt 
\o Loading vrf.cxt 
\o Loading multiTechPlugin.cxt 
\o Loading exportDie.cxt 
\o Loading hydraVmt.cxt 
\# Loading perfDiag...
\# (PerfDiag): Set GDB path to environment variable 'gdbPath' (gdb).
\# The Health Monitor tool is installed. You can access it from CIW - Tools - Diagnostic Center or use the shell command 'cdsPerfDiag -p 1448917' to open it when Virtuoso freezes.
\# Virtuoso has launched. For more information, open CIW - Tools - Diagnostic Center - Performance Tab - Check SKILL - Virtuoso Launch.
\#   Virtuoso initialization 141.94s
\#   Custom initialization     0.89s
\#   Total                   142.83s
\# (PerfDiag): Use backtrace from GLIBC.
\# Available memory:        178,750 MB at UTC 2025.09.17 20:29:14.740
\# Memory report: Maximum memory size now 179,171 MB at UTC 2025.09.17 20:29:14.741
\# Thread usage report: 27 active threads, active load 1.40 at UTC 2025.09.17 20:29:14.741
\# Memory report: using         421 MB, process size 2,149 MB at UTC 2025.09.17 20:29:14.741
