\o Program:		@(#)$CDS: libManager version 25.1 - CAT39.24 07/11/2025 15:44 (cpgbld31) $
\o Sub version:		sub-version  s010 
\o Arguments:		-unmapped -mpssession virtuoso1216415 -mpshost vlsicad.ecs.umass.edu -masterPID 1216415 -ADVM 
\o Working Directory:	vlsicad.ecs.umass.edu:/home/ece558_658_2025/azguro/ece558-labs
\o 64-bit offsets
\o Qt version: 		5.15.9
\o MPS virtuoso types registered: 73
\o changeWorkingDir("/home/ece558_658_2025/azguro/ece558-labs") unnecessary.
\o ddSetForcedLib("") unnecessary.
\o Session hidden cells enabled.
\o Log file is "/home/ece558_658_2025/azguro/ece558-labs/libManager.log".
\o Opening libManager window.
\a nrSetWindowVisibility(cdsLibManager "show")
\o MPS service: map window
\o Library Manager customization server connected.
\a nrSetCurrentWindow(cdsLibManager)
\a nrResizeWindow(cdsLibManager list(779 62 602 440))
\a cdsLibManager->libListBox->value = "4BIT_ACCUM"
\a cdsLibManager->libLineEdit->value = "4BIT_ACCUM"
\a cdsLibManager->cellListBox->value = "4BIT_ACCUM"
\a cdsLibManager->cellLineEdit->value = "4BIT_ACCUM"
\a cdsLibManager->libListBox->value = "NCSU_TechLib_FreePDK45"
\a cdsLibManager->libLineEdit->value = "NCSU_TechLib_FreePDK45"
\a cdsLibManager->cellLineEdit->value = ""
\a cdsLibManager->cellListBox->value = nil
\a cdsLibManager->libListBox->value = "NCSU_Devices_FreePDK45"
\a cdsLibManager->libLineEdit->value = "NCSU_Devices_FreePDK45"
\a cdsLibManager->libListBox->value = "NCSU_TechLib_FreePDK45"
\a cdsLibManager->libLineEdit->value = "NCSU_TechLib_FreePDK45"
\a cdsLibManager->libListBox->value = "4BIT_ACCUM"
\a cdsLibManager->libLineEdit->value = "4BIT_ACCUM"
\a cdsLibManager->cellListBox->value = "4BIT_ACCUM"
\a cdsLibManager->cellLineEdit->value = "4BIT_ACCUM"
\a lmgrLogShowPopup("mainListPopup1" 43 13 2 "4BIT_ACCUM")
\a cdsLibManager->editRenameButton->value = t
\a basicRenameForm->basicRenameFromEdit->value = "4BIT_ACCUM"
\a nrSetWindowVisibility(basicRenameForm "show")
\a basicRenameForm->basicRenameToEdit->value = "4BIT_ACCUM"
\a nrSetCurrentWindow(basicRenameForm)
\a nrResizeWindow(basicRenameForm list(951 148 239 189))
\a basicRenameForm->basicRenameToEdit->value = "BIT_ACCUM"
\a basicRenameForm->OK->value = t
\o Renaming Cell "4BIT_ACCUM" to "BIT_ACCUM" in library "4BIT_ACCUM".
\a nrSetWindowVisibility(workingDialogForm "show")
\a nrSetCurrentWindow(workingDialogForm)
\a nrResizeWindow(workingDialogForm list(936 176 268 133))
\o Rename succeeded.
\a cdsLibManager->libListBox->value = nil
\a cdsLibManager->libLineEdit->value = ""
\a cdsLibManager->cellListBox->value = nil
\a cdsLibManager->cellLineEdit->value = ""
\a cdsLibManager->libListBox->value = "4BIT_ACCUM"
\a cdsLibManager->libLineEdit->value = "4BIT_ACCUM"
\a cdsLibManager->cellListBox->value = "BIT_ACCUM"
\a cdsLibManager->cellLineEdit->value = "BIT_ACCUM"
\a cdsLibManager->cellLineEdit->value = ""
\a cdsLibManager->cellListBox->value = nil
\a cdsLibManager->cellListBox->value = "BIT_ACCUM"
\a cdsLibManager->cellLineEdit->value = "BIT_ACCUM"
\a cdsLibManager->cellListBox->value = nil
\a cdsLibManager->cellLineEdit->value = ""
\a nrSetCurrentWindow(cdsLibManager)
\a cdsLibManager->cellListBox->value = "BIT_ACCUM"
\a cdsLibManager->cellLineEdit->value = "BIT_ACCUM"
\o MPS request: edit design
\a nrListItemAction(cdsLibManager->cellListBox 0 0)
\a cdsLibManager->libListBox->value = nil
\a cdsLibManager->libLineEdit->value = ""
\a cdsLibManager->cellLineEdit->value = ""
\a cdsLibManager->cellListBox->value = nil
\a cdsLibManager->libListBox->value = "4BIT_ACCUM"
\a cdsLibManager->libLineEdit->value = "4BIT_ACCUM"
\a cdsLibManager->cellListBox->value = "BIT_ACCUM"
\a cdsLibManager->cellLineEdit->value = "BIT_ACCUM"
\a cdsLibManager->cellLineEdit->value = ""
\a cdsLibManager->cellListBox->value = nil
\a cdsLibManager->cellListBox->value = "BIT_ACCUM"
\a cdsLibManager->cellLineEdit->value = "BIT_ACCUM"
\a nrSetCurrentWindow(cdsLibManager)
\a cdsLibManager->cellLineEdit->value = ""
\a cdsLibManager->cellListBox->value = nil
\a lmgrLogShowPopup("mainListPopup0" 45 12 2 "4BIT_ACCUM")
\a cdsLibManager->editRenameButton->value = t
\a nrSetWindowVisibility(basicRenameForm "show")
\a basicRenameForm->basicRenameToEdit->value = "4BIT_ACCUM"
\a nrSetCurrentWindow(basicRenameForm)
\a basicRenameForm->basicRenameToEdit->value = "BIT_ACCUM"
\a basicRenameForm->OK->value = t
\o Checking rename library for access locks.
\o Renaming library "4BIT_ACCUM" to "BIT_ACCUM".
\a nrSetWindowVisibility(workingDialogForm "show")
\a nrSetCurrentWindow(workingDialogForm)
\a nrResizeWindow(workingDialogForm list(936 176 268 133))
\a cdsLibManager->libListBox->value = nil
\a cdsLibManager->libLineEdit->value = ""
\a cdsLibManager->libListBox->value = "4BIT_ACCUM"
\a cdsLibManager->libLineEdit->value = "4BIT_ACCUM"
\a cdsLibManager->cellListBox->value = "BIT_ACCUM"
\a cdsLibManager->cellLineEdit->value = "BIT_ACCUM"
\a cdsLibManager->cellLineEdit->value = ""
\a cdsLibManager->cellListBox->value = nil
\a cdsLibManager->libListBox->value = nil
\a cdsLibManager->libLineEdit->value = ""
\o DB was auto refreshed.
\o Rename succeeded.
\a nrSetCurrentWindow(cdsLibManager)
\a cdsLibManager->libListBox->value = "BIT_ACCUM"
\a cdsLibManager->libLineEdit->value = "BIT_ACCUM"
\a cdsLibManager->cellListBox->value = "BIT_ACCUM"
\a cdsLibManager->cellLineEdit->value = "BIT_ACCUM"
\a cdsLibManager->cellLineEdit->value = ""
\a cdsLibManager->cellListBox->value = nil
\a cdsLibManager->cellListBox->value = "BIT_ACCUM"
\a cdsLibManager->cellLineEdit->value = "BIT_ACCUM"
\o MPS request: edit design
\a nrListItemAction(cdsLibManager->cellListBox 0 0)
\a cdsLibManager->libListBox->value = nil
\a cdsLibManager->libLineEdit->value = ""
\a cdsLibManager->cellListBox->value = nil
\a cdsLibManager->cellLineEdit->value = ""
\a cdsLibManager->libListBox->value = "BIT_ACCUM"
\a cdsLibManager->libLineEdit->value = "BIT_ACCUM"
\a cdsLibManager->cellListBox->value = "BIT_ACCUM"
\a cdsLibManager->cellLineEdit->value = "BIT_ACCUM"
\a cdsLibManager->cellLineEdit->value = ""
\a cdsLibManager->cellListBox->value = nil
\a cdsLibManager->cellListBox->value = "BIT_ACCUM"
\a cdsLibManager->cellLineEdit->value = "BIT_ACCUM"
\a nrSetCurrentWindow(cdsLibManager)
\a nrSetCurrentWindow(cdsLibManager)
\a cdsLibManager->libListBox->value = nil
\a cdsLibManager->libLineEdit->value = ""
\a cdsLibManager->cellListBox->value = nil
\a cdsLibManager->cellLineEdit->value = ""
\a cdsLibManager->libListBox->value = "BIT_ACCUM"
\a cdsLibManager->libLineEdit->value = "BIT_ACCUM"
\a cdsLibManager->cellListBox->value = "BIT_ACCUM"
\a cdsLibManager->cellLineEdit->value = "BIT_ACCUM"
\a cdsLibManager->cellLineEdit->value = ""
\a cdsLibManager->cellListBox->value = nil
\a cdsLibManager->cellListBox->value = "BIT_ACCUM"
\a cdsLibManager->cellLineEdit->value = "BIT_ACCUM"
\a nrSetCurrentWindow(cdsLibManager)
\a nrSetCurrentWindow(cdsLibManager)
\a cdsLibManager->libListBox->value = "HA_ACCUM"
\a cdsLibManager->libLineEdit->value = "HA_ACCUM"
\a cdsLibManager->cellLineEdit->value = ""
\a cdsLibManager->cellListBox->value = nil
\a cdsLibManager->cellListBox->value = "HA_ACCUM"
\a cdsLibManager->cellLineEdit->value = "HA_ACCUM"
\a nrSetCurrentWindow(cdsLibManager)
\a cdsLibManager->cellLineEdit->value = ""
\a cdsLibManager->cellListBox->value = nil
\a cdsLibManager->cellListBox->value = "HA_ACCUM"
\a cdsLibManager->cellLineEdit->value = "HA_ACCUM"
\o MPS request: edit design
\a nrListItemAction(cdsLibManager->cellListBox 0 0)
\a cdsLibManager->libListBox->value = nil
\a cdsLibManager->libLineEdit->value = ""
\a cdsLibManager->cellListBox->value = nil
\a cdsLibManager->cellLineEdit->value = ""
\a cdsLibManager->libListBox->value = "HA_ACCUM"
\a cdsLibManager->libLineEdit->value = "HA_ACCUM"
\a cdsLibManager->cellListBox->value = "HA_ACCUM"
\a cdsLibManager->cellLineEdit->value = "HA_ACCUM"
\a cdsLibManager->cellLineEdit->value = ""
\a cdsLibManager->cellListBox->value = nil
\a cdsLibManager->cellListBox->value = "HA_ACCUM"
\a cdsLibManager->cellLineEdit->value = "HA_ACCUM"
\a nrSetCurrentWindow(cdsLibManager)
\a nrSetWindowVisibility(cdsLibManager "hide")
\a _lmgrCloseIconify("cdsLibManager" 1)
\a nrSetWindowVisibility(cdsLibManager "show")
\a _lmgrCloseIconify("cdsLibManager" 0)
\a nrSetWindowVisibility(cdsLibManager "hide")
\a _lmgrCloseIconify("cdsLibManager" 1)
\a cdsLibManager->fileExitButton->value = t
\o libManager is exiting.
\a exit(0)
