
INFO:    Checking out 1 license(s) of feature: 'Pegasus_UI' version 24.1
INFO:    License checkout successful ... 2025-10-17 17:35:59
WARNING: In technology 'gpdk045', the rule set 'ERC_RCX' is not a Pegasus rule set.
It will be accepted for this run but should be changed to a pegasusRuleSet.
WARNING: In technology 'gpdk045', the rule set 'LVS_Hier' is not a Pegasus rule set.
It will be accepted for this run but should be changed to a pegasusRuleSet.
WARNING: In technology 'gpdk045', the rule set 'antenna' is not a Pegasus rule set.
It will be accepted for this run but should be changed to a pegasusRuleSet.
WARNING: In technology 'gpdk045', the rule set 'default' is not a Pegasus rule set.
It will be accepted for this run but should be changed to a pegasusRuleSet.
Checking in SoftShare license Pegasus_UI ... succeeded (1s).

INFO:    Checking out 1 license(s) of feature: 'Pegasus_UI' version 24.1
INFO:    License checkout successful ... 2025-10-17 17:39:03
Checking in SoftShare license Pegasus_UI ... succeeded (1s).

INFO:    Checking out 1 license(s) of feature: 'Pegasus_UI' version 24.1
INFO:    License checkout successful ... 2025-10-17 18:10:42
Checking in SoftShare license Pegasus_UI ... succeeded (1s).

INFO:    Checking out 1 license(s) of feature: 'Pegasus_UI' version 24.1
INFO:    License checkout successful ... 2025-10-17 18:12:20
Checking in SoftShare license Pegasus_UI ... succeeded (1s).

INFO:    Checking out 1 license(s) of feature: 'Pegasus_UI' version 24.1
INFO:    License checkout successful ... 2025-10-17 18:16:13
Checking in SoftShare license Pegasus_UI ... succeeded (1s).

INFO:    Checking out 1 license(s) of feature: 'Pegasus_UI' version 24.1
INFO:    License checkout successful ... 2025-10-17 18:20:39
Checking in SoftShare license Pegasus_UI ... succeeded (1s).

INFO:    Checking out 1 license(s) of feature: 'Pegasus_UI' version 24.1
INFO:    License checkout successful ... 2025-10-17 18:24:38
Checking in SoftShare license Pegasus_UI ... succeeded (1s).

INFO:    Checking out 1 license(s) of feature: 'Pegasus_UI' version 24.1
INFO:    License checkout successful ... 2025-10-17 18:27:16
Checking in SoftShare license Pegasus_UI ... succeeded (1s).

INFO:    Checking out 1 license(s) of feature: 'Pegasus_UI' version 24.1
INFO:    License checkout successful ... 2025-10-17 18:33:23
Checking in SoftShare license Pegasus_UI ... succeeded (1s).
