Running: /opt/cadence/pegasus/tools.lnx86/Pegasus/bin/64bit/pegasusvirt \
  -isPegasus \
  -mode lvs \
  -global_log_file /home/ece558_658_2025/oraftery/ece558-labs/lab1/lvs-runs/pegasusuilvs.log \
  -control /home/ece558_658_2025/oraftery/ece558-labs/lab1/lvs-runs/pegasuslvsctl \
  -df2_version IC25.1.0 \
  -run_dir /home/ece558_658_2025/oraftery/ece558-labs/lab1/lvs-runs \
  -no_rules_check \
  -qrc_data \
  -schLibName NAND_X1 \
  -schCellName NAND_X1 \
  -schViewName schematic \
  -simViewList auCdl\ schematic \
  -simStopList auCdl \
  -displayPinInfo \
  -source_cdl /home/ece558_658_2025/oraftery/ece558-labs/lab1/lvs-runs/NAND_X1.cdl \
  -spice /home/ece558_658_2025/oraftery/ece558-labs/lab1/lvs-runs/NAND_X1.spi \
  -layLibName NAND_X1 \
  -layCellName NAND_X1 \
  -layViewName layout \
  -igds /home/ece558_658_2025/oraftery/ece558-labs/lab1/lvs-runs/NAND_X1.gds.gz \
  -layScale 0.0005 \
  -layTechLib gpdk045 \
  -convertPin geometry \
  -replaceBusBitChar nil \
  -noConvertHalfWidthPath nil \
  -flattenPcells nil \
  -layHierDepth 32 \
  -layMaxVertices 2048 \
  -enableColoring yes \
  -rulesFile /home/ece558_658_2025/oraftery/ece558-labs/lab1/lvs-runs/.technology.rul \
  -log_dir LOGS



Virtuoso Framework License (111) was checked out successfully. Total checkout time was 0.01s.
********************************************************************************
Product   : Virtuoso(R) XStream Out
Program   : @(#)$CDS: strmout version IC25.1-64b 08/12/2025 20:22 (cpgbld31) $
          : sub-version  IC25.1-64b.ISR1.30 
Started at: 30-Sep-2025  10:27:05
User Name : oraftery
Host Name : vlsicad.ecs.umass.edu
Directory : /home/ece558_658_2025/oraftery/ece558-labs/lab1
CADENCE Design Systems, Inc.
********************************************************************************
Info: Cellview Rev Num:99,  Tech Rev Num:59

WARNING (XSTRM-20): Output Stream file '/home/ece558_658_2025/oraftery/ece558-labs/lab1/lvs-runs/NAND_X1.gds.gz' already exists. It will be overwritten.
Loading gpdk045/libInit.il ...
	Loading gpdk045/loadCxt.ile ... done!
	Loading context 'gpdk045' from library 'gpdk045' ... done!
	Loading context 'pdkUtils' from library 'gpdk045' ... done!
	Loading gpdk045/gpdk045_customFilter.il ... done!
	Loading gpdk045/libInitCustomExit.il ... 
	Loading Environment Settings ...
	Loading gpdk045/gpdk045_PDKRegistrations.il ... done!

  *************************************************************           
  *              Cadence Design Systems, Inc.                 *           
  *                                                           *           
  *                    Generic 45nm PDK                       *           
  *                        (gpdk045)                          *           
  *                                                           *           
  *************************************************************           
	

	VERSION: 6.0 (09-September-2019)

done!
Loaded gpdk045/libInit.il successfully!
INFO (XSTRM-217): Reading the layer map file, /opt/cadence/gpdk045/gpdk045_v_6_0/gpdk045/gpdk045.layermap
WARNING (XSTRM-333): The '-enableColoring' option will be ignored during XStream Out. This is because there is no color entry in the layer map and the object map file.
INFO (XSTRM-427): Based on current hardware configuration, running XStream Out translation in multi-threaded mode with 4 threads.
INFO (XSTRM-280): The output file will be a compressed file because the file name has extension .gz
INFO (XSTRM-162): You have not used the '-viaMap' option. If the OpenAccess design has native oaVia instances, use the '-viaMap' option for preserving oaVia instances in a XStream Out - XStream In round trip. Using the '-viaMap' option improves performance and VM usage of applications using the Streamed-In design.

Summary of Options :
library                                 NAND_X1
strmFile                                /home/ece558_658_2025/oraftery/ece558-labs/lab1/lvs-runs/NAND_X1.gds.gz
topCell                                 NAND_X1
view                                    layout
runDir                                  /home/ece558_658_2025/oraftery/ece558-labs/lab1/lvs-runs
logFile                                 /home/ece558_658_2025/oraftery/ece558-labs/lab1/lvs-runs/PIPO1.LOG
techLib                                 gpdk045
hierDepth                               32
maxVertices                             2048
layerMap                                /opt/cadence/gpdk045/gpdk045_v_6_0/gpdk045/gpdk045.layermap
userSkillFile                           /home/ece558_658_2025/oraftery/ece558-labs/lab1/lvs-runs/strmout.il
labelDepth                              32
case                                    Preserve
convertDot                              node

INFO (XSTRM-180): You have not used the '-objectMap' option. The design has instance(s) of at least one of following OpenAccess objects: oaBlockage, oaBoundary, oaRow, and oaMarker. Any information about these objects will not be translated into the generated stream file. Use the '-objectMap' option to translate/preserve these objects using XStream.
INFO (XSTRM-223): 1. Translating stdVia gpdk045/M1_PO/layout as STRUCTURE M1_PO_CDNS_759242425310.
INFO (XSTRM-223): 2. Translating stdVia gpdk045/M1_NWELL/layout as STRUCTURE M1_NWELL_CDNS_759242425311.
INFO (XSTRM-223): 3. Translating stdVia gpdk045/M1_PSUB/layout as STRUCTURE M1_PSUB_CDNS_759242425312.
INFO (XSTRM-223): 4. Translating stdVia gpdk045/M2_M1/layout as STRUCTURE M2_M1_CDNS_759242425313.
INFO (XSTRM-223): 5. Translating stdVia gpdk045/M2_M1/layout as STRUCTURE M2_M1_CDNS_759242425314.
INFO (XSTRM-223): 6. Translating cellview gpdk045/nmos1v/layout as STRUCTURE nmos1v_CDNS_759242425310.
INFO (XSTRM-223): 7. Translating cellview gpdk045/pmos1v/layout as STRUCTURE pmos1v_CDNS_759242425311.
INFO (XSTRM-223): 8. Translating cellview NAND_X1/NAND_X1/layout as STRUCTURE NAND_X1.

Summary of Objects Translated:
	Scalar Instances:                       4
	Array Instances:                        0
	Polygons:                               0
	Paths:                                  0
	Rectangles:                             63
	Lines:                                  0
	Arcs:                                   0
	Donuts:                                 0
	Dots:                                   0
	Ellipses:                               0
	Boundaries:                             0
	Area Blockages:                         0
	Layer Blockages:                        0
	Area Halos:                             0
	Markers:                                0
	Rows:                                   0
	Stitch:                                 0
	Standard Vias                           17
	Custom Vias:                            0
	CdsGen Vias:                            0
	Pathsegs:                               13
	Text:                                   5
	TextDisplay:                            0
	Cells:                                  8

Elapsed Time: 0.2s   User Time: 0.1s   CPU Time: 0.0s   Peak VM: 33748KB
INFO (XSTRM-234): Translation completed. '0' error(s) and '2' warning(s) found.

Creation of CDL for NAND_X1/NAND_X1/schematic is started
 si -batch /home/ece558_658_2025/oraftery/ece558-labs/lab1/lvs-runs/ >/home/ece558_658_2025/oraftery/ece558-labs/lab1/lvs-runs/SI.OUT 2>/home/ece558_658_2025/oraftery/ece558-labs/lab1/lvs-runs/SI.LOG 
Virtuoso Framework License (111) was checked out successfully. Total checkout time was 0.01s.

Running simulation in directory: "/home/ece558_658_2025/oraftery/ece558-labs/lab1/lvs-runs/".

Loading gpdk045/libInit.il ...
	Loading gpdk045/loadCxt.ile ... done!
	Loading context 'gpdk045' from library 'gpdk045' ... done!
	Loading context 'pdkUtils' from library 'gpdk045' ... done!
	Loading gpdk045/gpdk045_customFilter.il ... done!
	Loading gpdk045/libInitCustomExit.il ... 
	Loading Environment Settings ...
	Loading gpdk045/gpdk045_PDKRegistrations.il ... done!

  *************************************************************           
  *              Cadence Design Systems, Inc.                 *           
  *                                                           *           
  *                    Generic 45nm PDK                       *           
  *                        (gpdk045)                          *           
  *                                                           *           
  *************************************************************           
	

	VERSION: 6.0 (09-September-2019)

done!
Loaded gpdk045/libInit.il successfully!
Loading hnlInit.cxt 
Running Artist Hierarchical Netlisting ...
End netlisting Sep 30 10:27:05 2025

Running simin

Running runSim()...


Running runsim with simulator: "auCdl"
Begin simulation:    Sep 30 10:27:05 2025

auCdl netlisting completed
End simulation:      Sep 30 10:27:05 2025
INFO (AUCDL-21): (Analog) CDL netlisting completed successfully.

Pegasus 24.13-s018 8ymShbAi1LEWJtFLxgceYA 2025-09-30 10:27:08 3949247 vlsicad.ecs.umass.edu
Copyright 2025 Cadence Design Systems, Inc.
All rights reserved worldwide.

INFO:    Command Line Options: -lvs -top_cell NAND_X1 -log_dir LOGS -source_top_cell NAND_X1 -spice /home/ece558_658_2025/oraftery/ece558-labs/lab1/lvs-runs/NAND_X1.spi -qrc_data -control /home/ece558_658_2025/oraftery/ece558-labs/lab1/lvs-runs/pegasuslvsctl -ui_data -gdb_data /home/ece558_658_2025/oraftery/ece558-labs/lab1/lvs-runs/.technology.rul
INFO:    Launch host CPU: Model: Intel(R) Xeon(R) Silver 4216 CPU @ 2.10GHz, OS: Red Hat Enterprise Linux release 8.10 (Ootpa), Logical cores: 64, Physical cores: 32, Cache: 22528 KB, CPU Speed: 3200 MHz
         Launch host Memory: MemTotal: 257032 MB,  MemFree: 67843 MB,  SwapTotal: 4095 MB,  SwapFree: 3398 MB,  VmallocTotal: 33554431 MB,  VmallocUsed: 391 MB
INFO:    Current path: /home/ece558_658_2025/oraftery/ece558-labs/lab1/lvs-runs
INFO:    Run directory same as current path
INFO:    Log directory: /home/ece558_658_2025/oraftery/ece558-labs/lab1/lvs-runs/LOGS
INFO:    PVL parsing results:
WARNING: In technology 'gpdk045', the rule set 'default' is not a Pegasus rule set.
It will be accepted for this run but should be changed to a pegasusRuleSet.
WARNING: TEXT_DEPTH at line 35 in file /ece558_658/pdk/verification/pvs/./pvlLVS.rul is skipped. It is set in control file.

INFO:    See "/home/ece558_658_2025/oraftery/ece558-labs/lab1/lvs-runs/LOGS/pvl.log" for additional details.

INFO:    Checking out 1 license(s) of feature: 'Pegasus_LVS' version 24.1
INFO:    License checkout successful ... 2025-09-30 10:27:10

INFO:    Checking out 1 license(s) of feature: 'Pegasus_16nm' version 24.1
INFO:    License checkout successful ... 2025-09-30 10:27:10
WARNING: Neither hcell nor -automatch option is specified.
INFO:    Worker 0 started on host vlsicad.ecs.umass.edu with 1 cpu(s)
         CPU: Model: , OS: 	Red Hat Enterprise Linux release 8.10 (Ootpa), Logical cores: 0, Physical cores: 0, Cache: 0 KB, CPU Speed: 0 MHz
         Memory: MemTotal: 257032 MB,  MemFree: 67832 MB,  SwapTotal: 4095 MB,  SwapFree: 3398 MB,  VmallocTotal: 33554431 MB,  VmallocUsed: 391 MB
INFO:    Extraction report file: /home/ece558_658_2025/oraftery/ece558-labs/lab1/lvs-runs/NAND_X1.rep 
INFO:    Extracted layout netlist: /home/ece558_658_2025/oraftery/ece558-labs/lab1/lvs-runs/NAND_X1.spi 
INFO:    Setting LAYOUT_PATH to: /home/ece558_658_2025/oraftery/ece558-labs/lab1/lvs-runs/NAND_X1.gds.gz 
INFO:    Setting LAYOUT_PRIMARY to: NAND_X1 
INFO:    Setting SCHEMATIC_PATH to: /home/ece558_658_2025/oraftery/ece558-labs/lab1/lvs-runs/NAND_X1.cdl 
INFO:    Setting SCHEMATIC_PRIMARY to: NAND_X1 

INFO:    Gdsii input summary
         File name: /home/ece558_658_2025/oraftery/ece558-labs/lab1/lvs-runs/NAND_X1.gds.gz
         File size: 1226
         Version: 5.0
         Library name: NAND_X1
         Last modified: 2025-9-30 9:24:38
         Last accessed: 2025-9-30 10:27:5
         Database unit in user units: 0.0005
         Database unit in meters: 5e-10
         Magnification: 1 

INFO:    Cell Summary:
         ----------------------------------------------------------------------------
             CELL                          INSTANCE    GEOMETRY      LABELS        HREF        FREF
         ----------------------------------------------------------------------------
         M1_PO_CDNS_759242425310                  0           3           0           2           2
         M1_NWELL_CDNS_759242425311               0           8           0           1           1
         M1_PSUB_CDNS_759242425312                0           7           0           1           1
         M2_M1_CDNS_759242425313                  0           3           0           5           5
         M2_M1_CDNS_759242425314                  0           4           0           8           8
         nmos1v_CDNS_759242425310                 0          16           0           2           2
         pmos1v_CDNS_759242425311                 0          17           0           2           2
         NAND_X1                                 21          16           5           1           1
         ----------------------------------------------------------------------------
         TOTAL CELL = 8;  INSTANCE = 21;  GEOMETRY = 74;  LABEL = 5

INFO:    Layer Summary:
         ----------------------------------------------------------------------------
             LAYER                ID       HPN      HTC        FPN       FTC
         ----------------------------------------------------------------------------
         BJTdum                 1000         0         0         0         0
         Bondpad                1001         0         0         0         0
         Cap3dum                1002         0         0         0         0
         CapMetal               1003         0         0         0         0
         Capdum                 1004         0         0         0         0
         Cont                   1005        17         0        26         0
         DIOdummy               1006         0         0         0         0
         IND2dummy              1007         0         0         0         0
         INDdummy               1008         0         0         0         0
         M1Resdum               1009         0         0         0         0
         M2Resdum               1010         0         0         0         0
         M3Resdum               1011         0         0         0         0
         M4Resdum               1012         0         0         0         0
         M5Resdum               1013         0         0         0         0
         M6Resdum               1014         0         0         0         0
         M7Resdum               1015         0         0         0         0
         M8Resdum               1016         0         0         0         0
         M9Resdum               1017         0         0         0         0
         M10Resdum              1018         0         0         0         0
         M11Resdum              1019         0         0         0         0
         Metal1                 1020        17         0        33         0
         Metal2                 1021         7         0        18         0
         Metal3                 1022         0         0         0         0
         Metal4                 1023         0         0         0         0
         Metal5                 1024         0         0         0         0
         Metal6                 1025         0         0         0         0
         Metal7                 1026         0         0         0         0
         Metal8                 1027         0         0         0         0
         Metal9                 1028         0         0         0         0
         Metal10                1029         0         0         0         0
         Metal11                1030         0         0         0         0
         NPN2dum                1031         0         0         0         0
         NPN5dum                1032         0         0         0         0
         NPN10dum               1033         0         0         0         0
         NPNdummy               1034         0         0         0         0
         Nburied                1035         0         0         0         0
         Nhvt                   1036         0         0         0         0
         Nimp                   1037         3         0         5         0
         Nlvt                   1038         0         0         0         0
         Nwell                  1039         3         0         4         0
         Nzvt                   1040         0         0         0         0
         Oxide                  1041         8         0        14         0
         Oxide_thk              1042         0         0         0         0
         PNPdummy               1043         0         0         0         0
         Phvt                   1044         0         0         0         0
         Pimp                   1045         3         0         5         0
         Plvt                   1046         0         0         0         0
         Poly                   1047        13         0        24         0
         Psub                   1048         0         0         0         0
         ResWdum                1049         0         0         0         0
         Resdum                 1050         0         0         0         0
         SiProt                 1051         0         0         0         0
         Via1                   1052         3         0        21         0
         Via2                   1053         0         0         0         0
         Via3                   1054         0         0         0         0
         Via4                   1055         0         0         0         0
         Via5                   1056         0         0         0         0
         Via6                   1057         0         0         0         0
         Via7                   1058         0         0         0         0
         Via8                   1059         0         0         0         0
         Via9                   1060         0         0         0         0
         Via10                  1061         0         0         0         0
         ind10_text             1062         0         0         0         0
         ind11_text             1063         0         0         0         0
         metal1_conn_text       1064         0         5         0         5
         metal2_conn_text       1065         0         0         0         0
         metal3_conn_text       1066         0         0         0         0
         metal4_conn_text       1067         0         0         0         0
         metal5_conn_text       1068         0         0         0         0
         metal6_conn_text       1069         0         0         0         0
         metal8_conn_text       1070         0         0         0         0
         metal9_conn_text       1071         0         0         0         0
         metal10_conn_text      1072         0         0         0         0
         metal11_conn_text      1073         0         0         0         0
         m1_label               1076         0         0         0         0
         m2_label               1077         0         0         0         0
         m3_label               1078         0         0         0         0
         m4_label               1079         0         0         0         0
         m5_label               1080         0         0         0         0
         m6_label               1081         0         0         0         0
         m7_label               1082         0         0         0         0
         m8_label               1083         0         0         0         0
         m9_label               1084         0         0         0         0
         m10_label              1085         0         0         0         0
         m11_label              1086         0         0         0         0
         m1_pin                 1087         0         0         0         0
         m2_pin                 1088         0         0         0         0
         m3_pin                 1089         0         0         0         0
         m4_pin                 1090         0         0         0         0
         m5_pin                 1091         0         0         0         0
         m6_pin                 1092         0         0         0         0
         m7_pin                 1093         0         0         0         0
         m8_pin                 1094         0         0         0         0
         m9_pin                 1095         0         0         0         0
         m10_pin                1096         0         0         0         0
         m11_pin                1097         0         0         0         0
         text                   1098         0         0         0         0
         ----------------------------------------------------------------------------

INFO:    CHIP EXTENT: 0 0 3000 6000


INFO:    Ports ...
         ========================================================================

INFO:    Texts For Connectivity ...
         ========================================================================
         Y (1.450, 1.490) 1064 NAND_X1
         VDD (0.445, 2.845) 1064 NAND_X1
         GND (0.460, 0.150) 1064 NAND_X1
         B (0.085, 1.290) 1064 NAND_X1
         A (0.080, 1.020) 1064 NAND_X1

INFO:    Texts For SELECT -LABEL ...
         ========================================================================

INFO:    Texts For EXPAND_TEXT_ORIGIN ...
         ========================================================================

INFO:    Texts For DFM_TEXT ...
         ========================================================================

INFO:    Texts For Device Text Model Layer ...
         ========================================================================

INFO:    Texts For Device Text Property Layer ...
         ========================================================================

INFO:    Layer Summary(Texts For Connectivity):
         ----------------------------------------------------------------------------
             LAYER                ID       TEXTS
         ----------------------------------------------------------------------------
         metal1_conn_text       1064         5
         ----------------------------------------------------------------------------

INFO:    Layer Summary(Texts For SELECT -LABEL):
         ----------------------------------------------------------------------------
             LAYER                ID       TEXTS
         ----------------------------------------------------------------------------
         ----------------------------------------------------------------------------

INFO:    Layer Summary(Texts For EXPAND_TEXT_ORIGIN):
         ----------------------------------------------------------------------------
             LAYER                ID       TEXTS
         ----------------------------------------------------------------------------
         ----------------------------------------------------------------------------

INFO:    Layer Summary(Texts For DFM_TEXT):
         ----------------------------------------------------------------------------
             LAYER                ID       TEXTS
         ----------------------------------------------------------------------------
         ----------------------------------------------------------------------------

INFO:    Expanded Cell Summary
         M1_NWELL_CDNS_759242425311 is expanded.
         M1_PSUB_CDNS_759242425312 is expanded.
INFO:    Status: Runset 100% complete as of 2025-09-30 10:27:11   Elapsed: 00:00:01
         Worker: Active CPUs  Total Mem(MB)  Active Mem(MB)  CPU time(s)
              0:    1 /   1             30              22            1
INFO:	 Status: Finishing as of 2025-09-30 10:27:11   Elapsed: 00:00:01   CPU time[s]: 1
INFO:    Resource usage by worker at exit:
                  CPU      Elapsed  CPUs       CPU       Peak        Peak engine
         Worker:  time[s]  time[s]  Allocated  usage[%]  Memory[MB]  Memory[MB]
              0:        1        1          1     89.39          30           22
         Worker resource usage  summary: Total CPU[s]: 1  Run duration[s]: 1  Max peak memory[MB]: 30
         Worker CPU utilization summary: 1 of 1 available CPU seconds (100.00%) with 1 average available CPU(s)
INFO:    Extraction result: CLEAN (Reporter)
INFO:    Generating ERC summary in /home/ece558_658_2025/oraftery/ece558-labs/lab1/lvs-runs/NAND_X1.sum
INFO:    All selected rules completed
         Total CPU Time                    : 1(s)
         Total Real Time                   : 1(s)
         Total Original Geometry           : 74(150)
         Total ERC RuleChecks              : 0
         Total ERC Results                 : 0 (0)
INFO:    Pegasus extracted connectivity database creation started
INFO:    CmdLine: /opt/cadence/pegasus/tools.lnx86/Pegasus/bin/64bit/edbToEcdb -kf -edb NAND_X1_3949247.db -ecdb ./ -topcell NAND_X1 -netlist /home/ece558_658_2025/oraftery/ece558-labs/lab1/lvs-runs/svdb/NAND_X1.net -layermap /home/ece558_658_2025/oraftery/ece558-labs/lab1/lvs-runs/svdb/NAND_X1.ecdbmap -textmap /home/ece558_658_2025/oraftery/ece558-labs/lab1/lvs-runs/svdb/NAND_X1.ports -dependmap NAND_X1.lmap.perc -kvp ifs:AJ -lvsfile /home/ece558_658_2025/oraftery/ece558-labs/lab1/lvs-runs/svdb/NAND_X1.lvsfile -saveFloatingNets .NAND_X1.info.softchk 
INFO:    Opening layer file 'NAND_X1_3949247.db/__layer'...
INFO:    Loading layer map file '/home/ece558_658_2025/oraftery/ece558-labs/lab1/lvs-runs/svdb/NAND_X1.ecdbmap'...
INFO:    Loading text map file '/home/ece558_658_2025/oraftery/ece558-labs/lab1/lvs-runs/svdb/NAND_X1.ports'...
INFO:    Loading dependency map file 'NAND_X1.lmap.perc'...
INFO:    Pre loading edb directory contents...
INFO:    ECDB file name './/.NAND_X1.ecdb'...
INFO:    Loading lvs file '/home/ece558_658_2025/oraftery/ece558-labs/lab1/lvs-runs/svdb/NAND_X1.lvsfile'...
INFO:    Writing db header information...(0s)
INFO:    Transfering cdl structures to ecdb structures...
INFO:    Read Netlist (32 threads)...
INFO:      DONE - (2s)
INFO:    Process (32 threads)...
INFO:    Cell(       2):  16% Done...(2s), M2_M1_CDNS_759242425314                 
INFO:    Cell(       0):  33% Done...(2s), M1_PO_CDNS_759242425310                 
INFO:    Cell(       1):  50% Done...(2s), M2_M1_CDNS_759242425313                 
INFO:    Cell(       4):  66% Done...(2s), pmos1v_CDNS_759242425311                
INFO:    Cell(       3):  83% Done...(2s), nmos1v_CDNS_759242425310                
INFO:    Cell(       5): 100% Done...(2s), NAND_X1                                 
INFO:      DONE - (0s)
INFO:    Cells creation time: (2s)
INFO:    Write netlist items...         (2s)
INFO:    Saving name table to db...
INFO:    Save device templates to the db...
INFO:    Save connect rules to the db...
INFO:    Write calculated header information to the top of file...
INFO:    Erasing cdl subckts...          (0s)

INFO:    edbToEcdb Header Information:
  ECDB file version   : 38
  DevTmpl offset      : 8643
  Connect offset      : 8743
  NameTable offset    : 7292
  Layer Map offset    : 167
  Cell Start offset   : 6872
  Cell End offset     : 7292
  Aux Data offset     : 9047
  Labels     offset   : 0
  Layer RW   offset   : 0
  NVP                 : ifs:0.01 
  Scale               : 8000
  GDS Scale           : 2000
  File size (static)  : 15923
  File size (dynamic) : 0
  Cell count          : 6
  ECDB create time    : 2
  EDB info            : 10
  Top Cell            : NAND_X1
  EDB info (Trans)    : WRITTEN_64 W_NOT_NET_ORDER 

INFO:    edbToEcdb Sizes written to disk (MB):
  NameTbl             :     0.001351
  Layers              :     0.003105
  Shapes              :     0.001282
  XYTree              :     0.001058
  LookUpTbls          :     0.000197
  Cells               :     0.000461
  Insts               :     0.000414
  Ports               :     0.000282
  Nets                :     0.000136
  Pins                :     0.000054
  Labels              :     0.000140
  DevTmpl             :     0.000100
  Connect             :     0.000300
  Header              :     0.000167
  AuxData             :     0.006874
  NvnLabels           :     0.000002
---------------------------------
  Total               :     0.015923

INFO:    Manager summary: CPU(s): 0 Elapsed(s): 2 Peak memory(MB): 508.79
INFO:    Pegasus extracted connectivity database creation completed. 2025-09-30 10:27:14


INFO:    Creating annotated GDS ...
INFO:    Library name: NAND_X1_3949247
INFO:    GDSII file name: /home/ece558_658_2025/oraftery/ece558-labs/lab1/lvs-runs/svdb/NAND_X1.agf
INFO:    Cells to be written out: NAND_X1
INFO:    Source Library: NAND_X1_3949247
INFO:    Status: Task in progress ...
INFO:    Pegasus creating annotated GDS completed. 2025-09-30 10:27:11
INFO:    Pegasus REPORTDB creation started...
INFO:    Processing file NAND_X1.rep
INFO:    Manager summary: CPU(s): 0 Elapsed(s): 0 Peak memory(MB): 0.00
INFO:    Pegasus REPORTDB creation completed. 2025-09-30 10:27:14


INFO:    Comparing netlists ...
INFO:    Setup VLDB (0s)
INFO:    Init sch rules (0s)
INFO:    Init lay rules (0s)
INFO:    Init structures (0s)
INFO:    Set cells to delete (0s)
INFO:    Check expand on pin error (0s)
INFO:    Reading schematic network
INFO:     inputting cdl netlist /home/ece558_658_2025/oraftery/ece558-labs/lab1/lvs-runs/NAND_X1.cdl...
WARNING (NVN-13002): *.BIPOLAR is not supported.
WARNING (NVN-13002): *.RESI is not supported.
WARNING (NVN-13002): *.RESVAL is not supported.
WARNING (NVN-13002): *.CAPVAL is not supported.
WARNING (NVN-13002): *.DIOPERI is not supported.
WARNING (NVN-13002): *.DIOAREA is not supported.
WARNING (NVN-13002): *.EQUATION is not supported.
WARNING (NVN-13003): "*.SCALE" is not supported. Use ".OPTION SCALE" instead or specify  'lvs_cdn_flow_options -cdl_use_scale' in the rule file.
INFO:     finished loading cdl netlist /home/ece558_658_2025/oraftery/ece558-labs/lab1/lvs-runs/NAND_X1.cdl (0s)
INFO:     commit cdl netlist(s)...
INFO:     finished committing cdl netlists (0s)
INFO:    Post sch netlist rule processing (0s)
INFO:    Reading layout network
INFO:     inputting (fast parser) cdl netlist  /home/ece558_658_2025/oraftery/ece558-labs/lab1/lvs-runs/svdb/NAND_X1.net...
INFO:     finished loading cdl netlist /home/ece558_658_2025/oraftery/ece558-labs/lab1/lvs-runs/svdb/NAND_X1.net (0s)
INFO:     commit cdl netlist(s)...
INFO:     finished committing cdl netlists (0s)
INFO:    Post lay netlist rule processing (0s)
INFO:    Processing blackBox rules (0s)
INFO:    Processing bindings (0s)
WARNING (NVN-15140): Cell 'pll_vco_indsym1p3' used in rule 'lvs_black_box' cannot be found in the layout. 
Skipping this rule.
WARNING (NVN-15140): Cell 'pll_vco_indsym1p3' used in rule 'lvs_black_box' cannot be found in the schematic. 
Skipping this rule.
INFO:    Commit sch verilog netlist (0s)
INFO:    Commit lay verilog netlist (0s)
INFO:    Erase netlist data (0s)
INFO:    Set blackbox cells (0s)
INFO:    Sch put cells in memory (0s)
INFO:    Sch update netlist rules (0s)
INFO:    Sch set devices to delete (0s)
INFO:    Sch adjust device pins (0s)
INFO:    Sch calc hier order (0s)
INFO:    Sch process inherited connections (0s)
INFO:    Sch generate qrc files (0s)
INFO:    Sch handle global pins (0s)
INFO:    Sch apply rule actions with processed netlist (0s)
INFO:    Sch process cell supply (0s)
INFO:    Lay put cells in memory (0s)
INFO:    Lay update netlist rules (0s)
INFO:    Lay set devices to delete (0s)
INFO:    Lay calc hier order (0s)
INFO:    Lay process inherited connections (0s)
INFO:    Lay generate qrc files (0s)
INFO:    Lay handle global pins (0s)
INFO:    Lay apply rule actions with processed netlist (0s)
INFO:    Lay process cell supply (0s)
INFO:    Check if interposer flow (0s)
INFO:    Check binding file (0s)
INFO:    Set topcell global pin indicator (0s)
INFO:    Calculate preserve parameterized cells (0s)
INFO:    Check generic device bindings (0s)
INFO:    Calculate primitive device bindings (0s)
INFO:    Remove unused device parameters (0s)
INFO:    Set instances to flatten inside cells (0s)
INFO:    Calculate parameters (0s)
INFO:    Start sch normalization (0s)
INFO:    Start lay normalization (0s)
INFO:    Calculate primitive device bindings (2nd time) (0s)
INFO:    Finalize binding (0s)
INFO:    Sch join nets (0s)
INFO:    Sch setup hier normalization (0s)
INFO:    Sch remove feedthroughs and black box cell instances (0s)
INFO:    Sch remove identical pins (0s)
INFO:    Sch calc connection counts (0s)
INFO:    Run genHierCells (0s)
INFO:    Reset normalization flags (0s)
INFO:    Lay join nets (0s)
INFO:    Lay setup hier normalization (0s)
INFO:    Lay remove feedthroughs and black box cell instances (0s)
INFO:    Lay remove identical pins (0s)
INFO:    Lay calc connection counts (0s)
INFO:    Normalize sch (0s)
INFO:    Read in color file (0s)
INFO:    Set scale factor per cell (0s)
INFO:    Setup property init rules (0s)
INFO:    Write sch vldb file (0s)
INFO:    Write lay vldb file (0s)
INFO:    Apply preserve parameterized cells (0s)
INFO:    Cleanup after VLDB processing (0s)
WARNING (NVN-15002): Rule 'lvs_recognize_gates -all' was set, but either
           the power net or the ground net (or both) was missing as follows.
               schematic power
               schematic ground
               layout power
               layout ground
           Rule 'lvs_recognize_gates -all' requires both power and ground nets to operate.
           These can be identified using rules 'lvs_power_name' and 'lvs_ground_name'.
           Resetting rule to 'lvs_recognize_gates -simple'
INFO (NVN-10007): Found ecdb file .NAND_X1.ecdb, will use during comparison.

INFO:    Cell comparison output format:
            <Comparing|Top Cell> <Layout Cell> vs <Schematic Cell>
               <Layout instances> insts vs <Schematic instances> insts  (<Time>)-<Status>

         Top Cell  NAND_X1 vs NAND_X1
            3 insts vs 4 insts . . . . . . . . . . . . . . . . . . . . . .  (0s)-mismatch

INFO:    Generating the LVS report...
           Report Init (0s)
           Load common queries (0s)
           Create report (0s)
           Cleanup (0s)
INFO:    Report finished

INFO:    Extraction Run Summary
         Total CPU Time        : 1(s)
         Total Real Time       : 1(s)
         Peak Memory Used      : 31.00(M)


INFO:    NVN Run Summary
         Total CPU Time        : 0(s)
         Total Real Time       : 0(s)
         Peak Memory Used      : 265.05(M)


INFO:    LVS Summary
         Total CPU Time        : 1(s)
         Total Real Time       : 1(s)
         Peak Memory Used      : 265.05(M)

    #############################################################
    #                                                           #
    # Run Result             : MISMATCH                         #
    #                                                           #
    # Run Summary            : [ERROR] Connectivity Mismatches  #
    #                        : [INFO]  ERC Results: Empty       #
    #                        : [INFO]  Extraction Clean         #
    #                                                           #
    # ERC Summary File       : NAND_X1.sum                      #
    # Extraction Report File : NAND_X1.rep                      #
    # Comparison Report File : NAND_X1.rep.cls                  #
    #                                                           #
    #############################################################


INFO:    Creating cross reference database ...
INFO:    Manager summary: CPU(s): 0 Elapsed(s): 0 Peak memory(MB): 86.80
INFO:    Checking in all SoftShare licenses.
INFO:    Creating cross reference database completed. Tue Sep 30 10:27:14 2025


Pegasus finished normally. 2025-09-30 10:27:14


