********************************************************************************
db2gds 24.13-s018 64 bit (Wed Jun 18 15:36:24 PDT 2025)
Build Ref No.: 070 Release Candidate (06-18-2025) [2413_pgs]

Copyright 2025 Cadence Design Systems, Inc.
All rights reserved worldwide.

Build O/S:       Linux x86_64 3.10.0-693.el7.x86_64
Executed on:     vlsicad.ecs.umass.edu (Linux x86_64 4.18.0-553.16.1.el8_10.x86_64)
Process Id:      198215
Starting Time:   Tue Nov 11 19:40:42 2025 (Wed Nov 12 00:40:42 2025 GMT)
With parameters: 4BIT_ACCUM_198066 /home/ece558_658_2025/oraftery/ece558-labs/lab3/lvs-runs/svdb/4BIT_ACCUM.agf 4BIT_ACCUM -lmap lmapYl7KFw -netmap /home/ece558_658_2025/oraftery/ece558-labs/lab3/lvs-runs/svdb/4BIT_ACCUM.lnn -property_nqrc -gds_scale 2000 -vircolon 
********************************************************************************

Library name: 4BIT_ACCUM_198066
GDSII file name: /home/ece558_658_2025/oraftery/ece558-labs/lab3/lvs-runs/svdb/4BIT_ACCUM.agf
Cells to be written out: 4BIT_ACCUM
Source Library: 4BIT_ACCUM_198066
Layer mapping file(GDS <- DMC): lmapYl7KFw
    23 (dt:0 tt:0) <- 23
    24 (dt:0 tt:0) <- 24
    55 (dt:0 tt:0) <- 55
    69 (dt:0 tt:0) <- 69
    70 (dt:0 tt:0) <- 70
    72 (dt:0 tt:0) <- 72
    73 (dt:0 tt:0) <- 73
    74 (dt:0 tt:0) <- 74
    76 (dt:0 tt:0) <- 76
    79 (dt:0 tt:0) <- 79
    80 (dt:0 tt:0) <- 80
    82 (dt:0 tt:0) <- 82
    45 (dt:0 tt:0) <- 45
    47 (dt:0 tt:0) <- 47
    48 (dt:0 tt:0) <- 48
    49 (dt:0 tt:0) <- 49
    50 (dt:0 tt:0) <- 50
    51 (dt:0 tt:0) <- 51
    52 (dt:0 tt:0) <- 52
    53 (dt:0 tt:0) <- 53
    54 (dt:0 tt:0) <- 54
    56 (dt:0 tt:0) <- 56
    57 (dt:0 tt:0) <- 57
    58 (dt:0 tt:0) <- 58
    59 (dt:0 tt:0) <- 59
    60 (dt:0 tt:0) <- 60
    61 (dt:0 tt:0) <- 61
    62 (dt:0 tt:0) <- 62
    63 (dt:0 tt:0) <- 63
    64 (dt:0 tt:0) <- 64
    65 (dt:0 tt:0) <- 65
    66 (dt:0 tt:0) <- 66
    67 (dt:0 tt:0) <- 67
    81 (dt:0 tt:0) <- 81
    89 (dt:0 tt:0) <- 89
    92 (dt:0 tt:0) <- 92
    99 (dt:0 tt:0) <- 99
    101 (dt:0 tt:0) <- 101
    102 (dt:0 tt:0) <- 102
    116 (dt:0 tt:0) <- 116
    118 (dt:0 tt:0) <- 118
    11 (dt:0 tt:0) <- 11
    12 (dt:0 tt:0) <- 12
    14 (dt:0 tt:0) <- 14
    28 (dt:0 tt:0) <- 28
    29 (dt:0 tt:0) <- 29
    30 (dt:0 tt:0) <- 30
    31 (dt:0 tt:0) <- 31
    33 (dt:0 tt:0) <- 33
    34 (dt:0 tt:0) <- 34
    35 (dt:0 tt:0) <- 35
    36 (dt:0 tt:0) <- 36
    38 (dt:0 tt:0) <- 38
    39 (dt:0 tt:0) <- 39
    41 (dt:0 tt:0) <- 41
    42 (dt:0 tt:0) <- 42
    43 (dt:0 tt:0) <- 43
    44 (dt:0 tt:0) <- 44
    68 (dt:0 tt:0) <- 68
    71 (dt:0 tt:0) <- 71
    75 (dt:0 tt:0) <- 75
    77 (dt:0 tt:0) <- 77
    78 (dt:0 tt:0) <- 78
    83 (dt:0 tt:0) <- 83
    86 (dt:0 tt:0) <- 86
    96 (dt:0 tt:0) <- 96
    124 (dt:0 tt:0) <- 124
    128 (dt:0 tt:0) <- 128
    130 (dt:0 tt:0) <- 130
    131 (dt:0 tt:0) <- 131
    132 (dt:0 tt:0) <- 132
    133 (dt:0 tt:0) <- 133
    134 (dt:0 tt:0) <- 134
    135 (dt:0 tt:0) <- 135
    136 (dt:0 tt:0) <- 136
    0 (dt:0 tt:0) <- 0
    1 (dt:0 tt:0) <- 1
    2 (dt:0 tt:0) <- 2
    3 (dt:0 tt:0) <- 3
    4 (dt:0 tt:0) <- 4
    5 (dt:0 tt:0) <- 5
    6 (dt:0 tt:0) <- 6
    7 (dt:0 tt:0) <- 7
    8 (dt:0 tt:0) <- 8
    9 (dt:0 tt:0) <- 9
    10 (dt:0 tt:0) <- 10
    13 (dt:0 tt:0) <- 13
    15 (dt:0 tt:0) <- 15
    16 (dt:0 tt:0) <- 16
    17 (dt:0 tt:0) <- 17
    18 (dt:0 tt:0) <- 18
    19 (dt:0 tt:0) <- 19
    20 (dt:0 tt:0) <- 20
    21 (dt:0 tt:0) <- 21
    22 (dt:0 tt:0) <- 22
    25 (dt:0 tt:0) <- 25
    26 (dt:0 tt:0) <- 26
    27 (dt:0 tt:0) <- 27
    32 (dt:0 tt:0) <- 32
    37 (dt:0 tt:0) <- 37
    40 (dt:0 tt:0) <- 40
    46 (dt:0 tt:0) <- 46
Cell name case: PRESERVE
Option: output object property for new qrc flow


                Object Statistics of Cells                            
Cell Name         Box  Polygon     Path   Label Instance Array    Total
----------------------------------------------------------------------
4BIT_ACCUM         25        4        0       0     4      0        33
HA_ACCUM          141        4        0       0   173      0       318
M1_PO_CDNS_762908035780        3        0        0       0     0      0         3
M2_M1_CDNS_762908035781        3        0        0       0     0      0         3
M2_M1_CDNS_762908035782        4        0        0       0     0      0         4
M2_M1_CDNS_762908035783        6        0        0       0     0      0         6
M1_NWELL_CDNS_762908035786        8        0        0       0     0      0         8
M1_PSUB_CDNS_762908035787        7        0        0       0     0      0         7
pmos1v_CDNS_762908035780       10        0        0       0     0      0        10
pmos1v_CDNS_762908035781       10        0        0       0     0      0        10
nmos1v_CDNS_762908035782        8        0        0       0     0      0         8
nmos1v_CDNS_762908035783        7        0        0       0     0      0         7
nmos1v_CDNS_762908035784        7        0        0       0     0      0         7
pmos1v_CDNS_762908035785       11        0        0       0     0      0        11
nmos1v_CDNS_762908035786       10        0        0       0     0      0        10
----------------------------------------------------------------------

Object Statistics of Layers
Layer   Objects
----------------
  14          13
  27          26
  46          26
  47           2
  49          61
  50          49
  60           6
  61           7
  62          16
  63          29
  64           9
  65          14
  69           8
 116           1
 118           1
----------------

Object Summary
------------------
     Box       260
 Polygon         8
    Path         0
   Label         0
Instance       177
   Array         0
------------------
   Total       445


Output property: 445
Total CPU Time          : 0(s)
Total Real Time         : 0(s)
Peak Memory Used        : 9(M)
