********************************************************************************
Product   : Virtuoso(R) XStream Out
Program   : @(#)$CDS: strmout version IC25.1-64b 08/12/2025 20:22 (cpgbld31) $
          : sub-version  IC25.1-64b.ISR1.30 
Started at: 30-Sep-2025  10:25:05
User Name : oraftery
Host Name : vlsicad.ecs.umass.edu
Directory : /home/ece558_658_2025/oraftery/ece558-labs/lab1
CADENCE Design Systems, Inc.
********************************************************************************
Info: Cellview Rev Num:99,  Tech Rev Num:59

WARNING (XSTRM-20): Output Stream file '/home/ece558_658_2025/oraftery/ece558-labs/lab1/drc-runs/NAND_X1.gds.gz' already exists. It will be overwritten.
INFO (XSTRM-217): Reading the layer map file, /opt/cadence/gpdk045/gpdk045_v_6_0/gpdk045/gpdk045.layermap
WARNING (XSTRM-333): The '-enableColoring' option will be ignored during XStream Out. This is because there is no color entry in the layer map and the object map file.
INFO (XSTRM-427): Based on current hardware configuration, running XStream Out translation in multi-threaded mode with 4 threads.
INFO (XSTRM-280): The output file will be a compressed file because the file name has extension .gz
INFO (XSTRM-162): You have not used the '-viaMap' option. If the OpenAccess design has native oaVia instances, use the '-viaMap' option for preserving oaVia instances in a XStream Out - XStream In round trip. Using the '-viaMap' option improves performance and VM usage of applications using the Streamed-In design.

Summary of Options :
library                                 NAND_X1
strmFile                                /home/ece558_658_2025/oraftery/ece558-labs/lab1/drc-runs/NAND_X1.gds.gz
topCell                                 NAND_X1
view                                    layout
runDir                                  /home/ece558_658_2025/oraftery/ece558-labs/lab1/drc-runs
logFile                                 /home/ece558_658_2025/oraftery/ece558-labs/lab1/drc-runs/PIPO1.LOG
techLib                                 gpdk045
hierDepth                               32
maxVertices                             2048
layerMap                                /opt/cadence/gpdk045/gpdk045_v_6_0/gpdk045/gpdk045.layermap
userSkillFile                           /home/ece558_658_2025/oraftery/ece558-labs/lab1/drc-runs/strmout.il
labelDepth                              32
case                                    Preserve
convertDot                              node

INFO (XSTRM-180): You have not used the '-objectMap' option. The design has instance(s) of at least one of following OpenAccess objects: oaBlockage, oaBoundary, oaRow, and oaMarker. Any information about these objects will not be translated into the generated stream file. Use the '-objectMap' option to translate/preserve these objects using XStream.
INFO (XSTRM-223): 1. Translating stdVia gpdk045/M1_PO/layout as STRUCTURE M1_PO_CDNS_759242305130.
INFO (XSTRM-223): 2. Translating stdVia gpdk045/M1_NWELL/layout as STRUCTURE M1_NWELL_CDNS_759242305131.
INFO (XSTRM-223): 3. Translating stdVia gpdk045/M1_PSUB/layout as STRUCTURE M1_PSUB_CDNS_759242305132.
INFO (XSTRM-223): 4. Translating stdVia gpdk045/M2_M1/layout as STRUCTURE M2_M1_CDNS_759242305133.
INFO (XSTRM-223): 5. Translating stdVia gpdk045/M2_M1/layout as STRUCTURE M2_M1_CDNS_759242305134.
INFO (XSTRM-223): 6. Translating cellview gpdk045/nmos1v/layout as STRUCTURE nmos1v_CDNS_759242305130.
INFO (XSTRM-223): 7. Translating cellview gpdk045/pmos1v/layout as STRUCTURE pmos1v_CDNS_759242305131.
INFO (XSTRM-223): 8. Translating cellview NAND_X1/NAND_X1/layout as STRUCTURE NAND_X1.

Summary of Objects Translated:
	Scalar Instances:                       4
	Array Instances:                        0
	Polygons:                               0
	Paths:                                  0
	Rectangles:                             63
	Lines:                                  0
	Arcs:                                   0
	Donuts:                                 0
	Dots:                                   0
	Ellipses:                               0
	Boundaries:                             0
	Area Blockages:                         0
	Layer Blockages:                        0
	Area Halos:                             0
	Markers:                                0
	Rows:                                   0
	Stitch:                                 0
	Standard Vias                           17
	Custom Vias:                            0
	CdsGen Vias:                            0
	Pathsegs:                               13
	Text:                                   5
	TextDisplay:                            0
	Cells:                                  8

Elapsed Time: 0.2s   User Time: 0.1s   CPU Time: 0.0s   Peak VM: 33752KB
INFO (XSTRM-234): Translation completed. '0' error(s) and '2' warning(s) found.
