
INFO:    Checking out 1 license(s) of feature: 'Pegasus_UI' version 24.1
INFO:    License checkout successful ... 2025-10-01 20:58:16
WARNING: In technology 'gpdk045', the rule set 'ERC_RCX' is not a Pegasus rule set.
It will be accepted for this run but should be changed to a pegasusRuleSet.
WARNING: In technology 'gpdk045', the rule set 'LVS_Hier' is not a Pegasus rule set.
It will be accepted for this run but should be changed to a pegasusRuleSet.
WARNING: In technology 'gpdk045', the rule set 'antenna' is not a Pegasus rule set.
It will be accepted for this run but should be changed to a pegasusRuleSet.
WARNING: In technology 'gpdk045', the rule set 'default' is not a Pegasus rule set.
It will be accepted for this run but should be changed to a pegasusRuleSet.
Checking in SoftShare license Pegasus_UI ... succeeded (1s).

INFO:    Checking out 1 license(s) of feature: 'Pegasus_UI' version 24.1
INFO:    License checkout successful ... 2025-10-01 20:59:27
WARNING: In technology 'gpdk045', the rule set 'ERC_RCX' is not a Pegasus rule set.
It will be accepted for this run but should be changed to a pegasusRuleSet.
WARNING: In technology 'gpdk045', the rule set 'LVS_Hier' is not a Pegasus rule set.
It will be accepted for this run but should be changed to a pegasusRuleSet.
WARNING: In technology 'gpdk045', the rule set 'antenna' is not a Pegasus rule set.
It will be accepted for this run but should be changed to a pegasusRuleSet.
WARNING: In technology 'gpdk045', the rule set 'default' is not a Pegasus rule set.
It will be accepted for this run but should be changed to a pegasusRuleSet.
Checking in SoftShare license Pegasus_UI ... succeeded (1s).

INFO:    Checking out 1 license(s) of feature: 'Pegasus_UI' version 24.1
INFO:    License checkout successful ... 2025-10-01 21:05:16
Checking in SoftShare license Pegasus_UI ... succeeded (1s).
