Mdi:ArrangeIcons
Mdi:ArrangeIcons
Mdi:ArrangeIcons
wm geometry . 900x785+8+85
Mdi:ArrangeIcons
Mdi:ArrangeIcons
wm geometry . 900x785+618+37
Mdi:ArrangeIcons
wm geometry . 900x785+566+36
Mdi:ArrangeIcons
wm geometry . 900x785+618+37
Mdi:ArrangeIcons
wm geometry . 900x785+566+36
Mdi:ArrangeIcons
Mdi:ArrangeIcons
ScopeSigMgr:loadpffile /home/ece558_658_2025/azguro/ece558-labs/lab2/step3_zguro_raftery.tr0 1 openonly
# PF:1
wm geometry .sigmgr._PF:1 232x242+768+480
wm geometry .sigmgr._PF:1 232x242+1052+350
pf:read PF:1 v(cout)
# WF:1:1
Graph addsignal WF:1:1 -region new -yview real(y) -xview real(x) -tracehi 2
# Signal0
Mdi:ArrangeIcons
pf:read PF:1 v(cin)
# WF:1:2
Graph addsignal WF:1:2 -region new -yview real(y) -xview real(x) -tracehi 2
# Signal1
pf:read PF:1 v(rst)
# WF:1:3
Graph addsignal WF:1:3 -region new -yview real(y) -xview real(x) -tracehi 2
# Signal2
pf:read PF:1 v(phi)
# WF:1:4
Graph addsignal WF:1:4 -region new -yview real(y) -xview real(x) -tracehi 2
# Signal3
pf:read PF:1 v(sout)
# WF:1:5
Graph addsignal WF:1:5 -region new -yview real(y) -xview real(x) -tracehi 2
# Signal4
Mdi:FullSize
Graph:DSel
Graph:Select Graph0
wm geometry .sigmgr 376x204+186+335
wm geometry .sigmgr._PF:1 232x242+247+166
Graph:DSel
Graph axisconfig {AxisY(0,0) AxisX(0)} -range {{-36.889456992602u 30.286397425768u} {4.88993n 4.84878n}}
Graph axisconfig {AxisX(0) AxisY(0,0) AxisY(1,0) AxisY(2,0) AxisY(3,0) AxisY(4,0)} -range {all all all all all all} -zoomed {0 0 0 0 0 0}
Graph:DSel
Graph axisconfig AxisY(0,0) -range {-265.28736201506u -486.96768159568u}
Graph axisconfig {AxisX(0) AxisY(0,0) AxisY(1,0) AxisY(2,0) AxisY(3,0) AxisY(4,0)} -range {all all all all all all} -zoomed {0 0 0 0 0 0}
