\o Program:		@(#)$CDS: libManager version 25.1 - CAT39.24 07/11/2025 15:44 (cpgbld31) $
\o Sub version:		sub-version  s010 
\o Arguments:		-unmapped -mpssession virtuoso1141749 -mpshost vlsicad.ecs.umass.edu -masterPID 1141749 -ADVM 
\o Working Directory:	vlsicad.ecs.umass.edu:/home/ece558_658_2025/azguro/ece558-labs/lab3
\o 64-bit offsets
\o Qt version: 		5.15.9
\o MPS virtuoso types registered: 73
\o changeWorkingDir("/home/ece558_658_2025/azguro/ece558-labs/lab3") unnecessary.
\o ddSetForcedLib("") unnecessary.
\o Session hidden cells enabled.
\o Log file is "/home/ece558_658_2025/azguro/ece558-labs/lab3/libManager.log".
\o Opening libManager window.
\a nrSetWindowVisibility(cdsLibManager "show")
\o MPS service: map window
\o Library Manager customization server connected.
\a nrResizeWindow(cdsLibManager list(779 62 602 440))
\a nrSetCurrentWindow(cdsLibManager)
\a nrSetWindowVisibility(cdsLibManager "hide")
\a _lmgrCloseIconify("cdsLibManager" 1)
\a nrSetCurrentWindow(cdsLibManager)
\a nrSetWindowVisibility(cdsLibManager "show")
\a _lmgrCloseIconify("cdsLibManager" 0)
\a nrSetWindowVisibility(cdsLibManager "hide")
\a _lmgrCloseIconify("cdsLibManager" 1)
\a nrSetWindowVisibility(cdsLibManager "show")
\a _lmgrCloseIconify("cdsLibManager" 0)
\o MPS service: shutdown
\o libManager is exiting.
\a exit(0)
