Mdi:ArrangeIcons
Mdi:ArrangeIcons
Mdi:ArrangeIcons
wm geometry . 900x785+8+85
Mdi:ArrangeIcons
Mdi:ArrangeIcons
Mdi:ArrangeIcons
ScopeSigMgr:loadpffile /home/ece558_658_2025/azguro/ece558-labs/lab3/step3_complete_fixed.tr0 1 openonly
# PF:1
wm geometry .sigmgr._PF:1 232x242+768+480
wm geometry .sigmgr._PF:1 232x242+650+419
pf:read PF:1 v(cout)
# WF:1:1
Graph addsignal WF:1:1 -region new -yview real(y) -xview real(x) -tracehi 2
# Signal0
Mdi:ArrangeIcons
pf:read PF:1 v(cin)
# WF:1:2
Graph addsignal WF:1:2 -region new -yview real(y) -xview real(x) -tracehi 2
# Signal1
pf:read PF:1 v(phi)
# WF:1:3
Graph addsignal WF:1:3 -region new -yview real(y) -xview real(x) -tracehi 2
# Signal2
pf:read PF:1 v(rst)
# WF:1:4
Graph addsignal WF:1:4 -region new -yview real(y) -xview real(x) -tracehi 2
# Signal3
pf:read PF:1 v(sout0)
# WF:1:5
Graph addsignal WF:1:5 -region new -yview real(y) -xview real(x) -tracehi 2
# Signal4
pf:read PF:1 v(sout1)
# WF:1:6
Graph addsignal WF:1:6 -region new -yview real(y) -xview real(x) -tracehi 2
# Signal5
pf:read PF:1 v(sout2)
# WF:1:7
Graph addsignal WF:1:7 -region new -yview real(y) -xview real(x) -tracehi 2
# Signal6
pf:read PF:1 v(sout3)
# WF:1:8
Graph addsignal WF:1:8 -region new -yview real(y) -xview real(x) -tracehi 2
# Signal7
Mdi:FullSize
wm geometry .sigmgr 376x204+1197+206
wm geometry .sigmgr._PF:1 232x235+650+426
wm geometry .sigmgr._PF:1 232x235+1025+353
Mdi:ArrangeIcons
Graph:DSel
Graph:Select Graph0
wm geometry .sigmgr._PF:1 232x235+887+34
wm geometry .sigmgr 376x204+1174+75
Mdi:ArrangeIcons
Mdi:ArrangeIcons
Graph:DSel
Mdi:ArrangeIcons
wm geometry . 1536x860+0+23
wm geometry .sigmgr._PF:1 232x242+650+419
wm geometry .sigmgr 376x204+522+164
Mdi:ArrangeIcons
wm geometry . 900x785+8+85
wm geometry .sigmgr 376x204+1197+206
wm geometry .sigmgr._PF:1 232x235+650+426
wm geometry .sigmgr._PF:1 232x235+1025+353
Mdi:ArrangeIcons
wm geometry .sigmgr._PF:1 232x235+887+34
wm geometry .sigmgr 376x204+1174+75
Mdi:ArrangeIcons
Mdi:ArrangeIcons
Mdi:ArrangeIcons
wm geometry . 1536x860+0+23
Mdi:ArrangeIcons
wm geometry . 1536x860+8+31
Mdi:ArrangeIcons
wm geometry . 1536x860+0+23
wm geometry .sigmgr._PF:1 232x235+944+883
wm geometry .sigmgr 376x204+525+876
Graph:DSel
Graph itemselect Signal0 add
# Signal0
Graph sigconfig {Signal0 Signal4 Signal5 Signal6 Signal7} -regswap {4 5 6 7 8}
Graph:DSel
Graph itemselect Signal1 add
# Signal1
Graph sigconfig {Signal1 Signal3 Signal0 Signal4 Signal5 Signal6 Signal7} -regswap {2 3 4 5 6 7 8}
Mdi:ArrangeIcons
wm geometry . 1536x860+8+31
Mdi:ArrangeIcons
wm geometry . 1536x860+0+23
wm geometry .sigmgr._PF:1 232x235+887+34
wm geometry .sigmgr._PF:1 232x235+944+883
wm geometry .sigmgr 376x204+1174+75
wm geometry .sigmgr 376x204+525+876
Mdi:ArrangeIcons
Mdi:ArrangeIcons
Mdi:ArrangeIcons
Mdi:ArrangeIcons
Mdi:ArrangeIcons
Mdi:ArrangeIcons
Graph:ManipulateItem icursor draw0_text @161.0,645.0
Graph itemcreate text 161.0 645.0 -tags draw0_text -font {-family {OF Helvetica} -size 12.0 -weight normal -slant roman -underline 0 -overstrike 0 -type outline} -fill pink -justify left -anchor nw -box 0 -bg {}
# GrDraw0_text
Graph:ManipulateItem insert GrDraw0_text insert 0
Graph:ManipulateItem insert GrDraw0_text insert 
Graph:ManipulateItem insert GrDraw0_text insert 
Graph:ManipulateItem dchars GrDraw0_text 2
Graph:DSel
Graph:DSel
Mdi:ArrangeIcons
Mdi:ArrangeIcons
Mdi:ArrangeIcons
Mdi:ArrangeIcons
Mdi:ArrangeIcons
Mdi:ArrangeIcons
Graph:ManipulateItem icursor draw1_text @167.0,556.0
Graph itemcreate text 167.0 556.0 -tags draw1_text -font {-family {OF Helvetica} -size 12.0 -weight normal -slant roman -underline 0 -overstrike 0 -type outline} -fill pink -justify left -anchor nw -box 0 -bg {}
# GrDraw1_text
Graph:ManipulateItem insert GrDraw1_text insert 0
Graph:ManipulateItem insert GrDraw1_text insert {
}
Graph:ManipulateItem dchars GrDraw1_text 1
Graph:ManipulateItem icursor GrDraw1_text 2
Graph:ManipulateItem icursor GrDraw1_text 2
Graph:ManipulateItem icursor GrDraw1_text 1
Graph:ManipulateItem icursor GrDraw1_text 1
Mdi:ArrangeIcons
Mdi:ArrangeIcons
Mdi:ArrangeIcons
Mdi:ArrangeIcons
Mdi:ArrangeIcons
Mdi:ArrangeIcons
Mdi:ArrangeIcons
Mdi:ArrangeIcons
Graph:ManipulateItem icursor draw2_text @169.0,470.0
Graph itemcreate text 169.0 470.0 -tags draw2_text -font {-family {OF Helvetica} -size 12.0 -weight normal -slant roman -underline 0 -overstrike 0 -type outline} -fill pink -justify left -anchor nw -box 0 -bg {}
# GrDraw2_text
Graph:ManipulateItem insert GrDraw2_text insert 0
Mdi:ArrangeIcons
Mdi:ArrangeIcons
Mdi:ArrangeIcons
Mdi:ArrangeIcons
Mdi:ArrangeIcons
Mdi:ArrangeIcons
Mdi:ArrangeIcons
Mdi:ArrangeIcons
Mdi:ArrangeIcons
Mdi:ArrangeIcons
Mdi:ArrangeIcons
Mdi:ArrangeIcons
Mdi:ArrangeIcons
wm geometry . 900x785+214+62
Mdi:ArrangeIcons
wm geometry . 1536x860+0+23
Mdi:ArrangeIcons
Mdi:ArrangeIcons
wm geometry . 900x785+214+62
Mdi:ArrangeIcons
wm geometry . 964x814+150+33
Mdi:ArrangeIcons
Mdi:ArrangeIcons
wm geometry . 980x851+134+31
